2026-05-19 09:43:16 [INFO] ============================================================
2026-05-19 09:43:16 [INFO] Sorgu basladi — 10 lokasyon
2026-05-19 09:43:16 [INFO]   Çamardı sorgulanıyor...
2026-05-19 09:43:16 [INFO]   OK Çamardı      | Skor: 36.5 | Zor | Ay: Hilal
2026-05-19 09:43:16 [INFO]   Çamlıdere sorgulanıyor...
2026-05-19 09:43:17 [INFO]   OK Çamlıdere    | Skor: 30.3 | Zor | Ay: Hilal
2026-05-19 09:43:17 [INFO]   Tuz Gölü sorgulanıyor...
2026-05-19 09:43:17 [INFO]   OK Koçhisar     | Skor: 68.4 | Ay Fotografciligi Uygun | Ay: Hilal
2026-05-19 09:43:17 [INFO]   Hacıbektaş sorgulanıyor...
2026-05-19 09:43:17 [INFO]   OK Hacıbektaş   | Skor: 41.8 | Zor | Ay: Hilal
2026-05-19 09:43:17 [INFO]   Dörtdivan sorgulanıyor...
2026-05-19 09:43:17 [INFO]   OK Mudurnu      | Skor: 73.5 | Ay Fotografciligi Uygun | Ay: Hilal
2026-05-19 09:43:17 [INFO]   Yenimahalle sorgulanıyor...
2026-05-19 09:43:17 [INFO]   OK Yenimahalle  | Skor: 65.6 | Ay Fotografciligi Uygun | Ay: Hilal
2026-05-19 09:43:17 [INFO]   Ağrı sorgulanıyor...
2026-05-19 09:43:17 [INFO]   OK Ağrı         | Skor: 57.8 | Orta | Ay: Hilal
2026-05-19 09:43:17 [INFO]   Hakkari sorgulanıyor...
2026-05-19 09:43:17 [INFO]   OK Hakkâri      | Skor: 53.0 | Orta | Ay: Hilal
2026-05-19 09:43:17 [INFO]   Asos sorgulanıyor...
2026-05-19 09:43:18 [INFO]   OK Assos        | Skor: 73.8 | Ay Fotografciligi Uygun | Ay: Hilal
2026-05-19 09:43:18 [INFO]   İncek sorgulanıyor...
2026-05-19 09:43:18 [INFO]   OK Gölbaşı      | Skor: 71.9 | Ay Fotografciligi Uygun | Ay: Hilal
2026-05-19 09:43:18 [INFO] Kaydedildi: /Users/muhsindogan/Desktop/HavaTakip/astro_gozlem_verileri.xlsx
