2026-05-19 08:55:02 [INFO] --------------------------------------------------
2026-05-19 08:55:02 [INFO] Sorgu basladi — 3 lokasyon
2026-05-19 08:55:02 [INFO]   Çamardı sorgulanıyor...
2026-05-19 08:55:02 [INFO]   OK Çamardı      | 9.25C | Nem: %77 | Cig: 5.4C | Bugulasma: Orta
2026-05-19 08:55:02 [INFO]   Çamlıdere sorgulanıyor...
2026-05-19 08:55:02 [INFO]   OK Çamlıdere    | 10.79C | Nem: %78 | Cig: 7.1C | Bugulasma: Orta
2026-05-19 08:55:02 [INFO]   Tuz Gölü sorgulanıyor...
2026-05-19 08:55:02 [INFO]   OK Koçhisar     | 13.87C | Nem: %61 | Cig: 6.5C | Bugulasma: Dusuk
2026-05-19 08:55:02 [INFO] Tum veriler kaydedildi: /Users/muhsindogan/Desktop/HavaTakip/detayli_hava_verileri.xlsx
2026-05-19 09:13:46 [INFO] --------------------------------------------------
2026-05-19 09:13:46 [INFO] Sorgu basladi — 3 lokasyon
2026-05-19 09:13:46 [INFO]   Çamardı sorgulanıyor...
2026-05-19 09:13:47 [INFO]   OK Çamardı      | 9.52C | Nem: %77 | Cig: 5.7C | Bugulasma: Orta
2026-05-19 09:13:47 [INFO]   Çamlıdere sorgulanıyor...
2026-05-19 09:13:47 [INFO]   OK Çamlıdere    | 11.09C | Nem: %76 | Cig: 7.0C | Bugulasma: Orta
2026-05-19 09:13:47 [INFO]   Tuz Gölü sorgulanıyor...
2026-05-19 09:13:47 [INFO]   OK Koçhisar     | 13.84C | Nem: %64 | Cig: 7.1C | Bugulasma: Dusuk
2026-05-19 09:13:47 [INFO] Tum veriler kaydedildi: /Users/muhsindogan/Desktop/HavaTakip/detayli_hava_verileri.xlsx
2026-05-19 09:27:36 [INFO] --------------------------------------------------
2026-05-19 09:27:36 [INFO] Sorgu basladi — 3 lokasyon
2026-05-19 09:27:36 [INFO]   Çamardı sorgulanıyor...
2026-05-19 09:27:36 [INFO]   OK Çamardı      | 9.58C | Nem: %76 | Cig: 5.6C | Bugulasma: Orta
2026-05-19 09:27:36 [INFO]   Çamlıdere sorgulanıyor...
2026-05-19 09:27:36 [INFO]   OK Çamlıdere    | 10.96C | Nem: %75 | Cig: 6.7C | Bugulasma: Orta
2026-05-19 09:27:36 [INFO]   Tuz Gölü sorgulanıyor...
2026-05-19 09:27:36 [INFO]   OK Koçhisar     | 14.08C | Nem: %63 | Cig: 7.1C | Bugulasma: Dusuk
2026-05-19 09:27:36 [INFO] Tum veriler kaydedildi: /Users/muhsindogan/Desktop/HavaTakip/detayli_hava_verileri.xlsx
2026-05-19 09:27:44 [INFO] --------------------------------------------------
2026-05-19 09:27:44 [INFO] Sorgu basladi — 10 lokasyon
2026-05-19 09:27:44 [INFO]   Çamardı sorgulanıyor...
2026-05-19 09:27:44 [INFO]   OK Çamardı      | 9.58C | Nem: %76 | Cig: 5.6C | Bugulasma: Orta
2026-05-19 09:27:44 [INFO]   Çamlıdere sorgulanıyor...
2026-05-19 09:27:44 [INFO]   OK Çamlıdere    | 10.96C | Nem: %75 | Cig: 6.7C | Bugulasma: Orta
2026-05-19 09:27:44 [INFO]   Tuz Gölü sorgulanıyor...
2026-05-19 09:27:45 [INFO]   OK Koçhisar     | 14.08C | Nem: %63 | Cig: 7.1C | Bugulasma: Dusuk
2026-05-19 09:27:45 [INFO]   Hacıbektaş sorgulanıyor...
2026-05-19 09:27:45 [INFO]   OK Hacıbektaş   | 9.44C | Nem: %76 | Cig: 5.4C | Bugulasma: Orta
2026-05-19 09:27:45 [INFO]   Dörtdivan sorgulanıyor...
2026-05-19 09:27:45 [INFO]   OK Mudurnu      | 14.42C | Nem: %69 | Cig: 8.8C | Bugulasma: Orta
2026-05-19 09:27:45 [INFO]   Yenimahalle sorgulanıyor...
2026-05-19 09:27:45 [INFO]   OK Yenimahalle  | 13.16C | Nem: %67 | Cig: 7.2C | Bugulasma: Orta
2026-05-19 09:27:45 [INFO]   Ağrı sorgulanıyor...
2026-05-19 09:27:45 [INFO]   OK Ağrı         | 9.63C | Nem: %57 | Cig: 1.5C | Bugulasma: Dusuk
2026-05-19 09:27:45 [INFO]   Hakkari sorgulanıyor...
2026-05-19 09:27:45 [INFO]   OK Hakkâri      | 11.88C | Nem: %54 | Cig: 2.9C | Bugulasma: Dusuk
2026-05-19 09:27:45 [INFO]   Asos sorgulanıyor...
2026-05-19 09:27:45 [INFO]   OK Assos        | 18.8C | Nem: %65 | Cig: 12.1C | Bugulasma: Dusuk
2026-05-19 09:27:45 [INFO]   İncek sorgulanıyor...
2026-05-19 09:27:45 [INFO]   OK Gölbaşı      | 10.94C | Nem: %66 | Cig: 4.8C | Bugulasma: Dusuk
2026-05-19 09:27:46 [INFO] Tum veriler kaydedildi: /Users/muhsindogan/Desktop/HavaTakip/detayli_hava_verileri.xlsx
